<?xml version="1.0" encoding="UTF-8"?>
<coverage generated="1785985323259" clover="3.2.0">
  <project timestamp="1785985323259" name="All files">
    <metrics statements="162" coveredstatements="161" conditionals="104" coveredconditionals="96" methods="82" coveredmethods="77" elements="348" coveredelements="334" complexity="0" loc="162" ncloc="162" packages="7" files="21" classes="21"/>
    <package name="src">
      <metrics statements="0" coveredstatements="0" conditionals="0" coveredconditionals="0" methods="0" coveredmethods="0"/>
      <file name="types.ts" path="C:\Users\yeral\OneDrive\Documentos\Especializacion Requerimientos\PruebasCalidadSoftwareMovil\task-manager-testing\src\types.ts">
        <metrics statements="0" coveredstatements="0" conditionals="0" coveredconditionals="0" methods="0" coveredmethods="0"/>
      </file>
    </package>
    <package name="src.components">
      <metrics statements="35" coveredstatements="35" conditionals="32" coveredconditionals="28" methods="27" coveredmethods="24"/>
      <file name="ConfirmDeleteDialog.tsx" path="C:\Users\yeral\OneDrive\Documentos\Especializacion Requerimientos\PruebasCalidadSoftwareMovil\task-manager-testing\src\components\ConfirmDeleteDialog.tsx">
        <metrics statements="1" coveredstatements="1" conditionals="4" coveredconditionals="4" methods="1" coveredmethods="1"/>
        <line num="17" count="30" type="stmt"/>
      </file>
      <file name="LabeledInput.tsx" path="C:\Users\yeral\OneDrive\Documentos\Especializacion Requerimientos\PruebasCalidadSoftwareMovil\task-manager-testing\src\components\LabeledInput.tsx">
        <metrics statements="2" coveredstatements="2" conditionals="6" coveredconditionals="5" methods="1" coveredmethods="1"/>
        <line num="5" count="1" type="stmt"/>
        <line num="13" count="400" type="stmt"/>
      </file>
      <file name="PaymentInfoSection.tsx" path="C:\Users\yeral\OneDrive\Documentos\Especializacion Requerimientos\PruebasCalidadSoftwareMovil\task-manager-testing\src\components\PaymentInfoSection.tsx">
        <metrics statements="5" coveredstatements="5" conditionals="1" coveredconditionals="0" methods="5" coveredmethods="5"/>
        <line num="19" count="40" type="stmt"/>
        <line num="27" count="3" type="stmt"/>
        <line num="36" count="3" type="stmt"/>
        <line num="44" count="3" type="stmt"/>
        <line num="53" count="3" type="stmt"/>
      </file>
      <file name="ShippingInfoSection.tsx" path="C:\Users\yeral\OneDrive\Documentos\Especializacion Requerimientos\PruebasCalidadSoftwareMovil\task-manager-testing\src\components\ShippingInfoSection.tsx">
        <metrics statements="4" coveredstatements="4" conditionals="1" coveredconditionals="0" methods="4" coveredmethods="4"/>
        <line num="18" count="40" type="stmt"/>
        <line num="26" count="3" type="stmt"/>
        <line num="33" count="3" type="stmt"/>
        <line num="42" count="3" type="stmt"/>
      </file>
      <file name="StatusBadge.tsx" path="C:\Users\yeral\OneDrive\Documentos\Especializacion Requerimientos\PruebasCalidadSoftwareMovil\task-manager-testing\src\components\StatusBadge.tsx">
        <metrics statements="3" coveredstatements="3" conditionals="4" coveredconditionals="4" methods="1" coveredmethods="1"/>
        <line num="5" count="2" type="cond" truecount="2" falsecount="0"/>
        <line num="6" count="2" type="cond" truecount="2" falsecount="0"/>
        <line num="8" count="2" type="stmt"/>
      </file>
      <file name="TaskCard.tsx" path="C:\Users\yeral\OneDrive\Documentos\Especializacion Requerimientos\PruebasCalidadSoftwareMovil\task-manager-testing\src\components\TaskCard.tsx">
        <metrics statements="4" coveredstatements="4" conditionals="7" coveredconditionals="7" methods="4" coveredmethods="3"/>
        <line num="12" count="26" type="stmt"/>
        <line num="13" count="26" type="stmt"/>
        <line num="17" count="1" type="stmt"/>
        <line num="26" count="3" type="stmt"/>
      </file>
      <file name="TaskForm.tsx" path="C:\Users\yeral\OneDrive\Documentos\Especializacion Requerimientos\PruebasCalidadSoftwareMovil\task-manager-testing\src\components\TaskForm.tsx">
        <metrics statements="7" coveredstatements="7" conditionals="2" coveredconditionals="2" methods="2" coveredmethods="2"/>
        <line num="9" count="35" type="stmt"/>
        <line num="11" count="35" type="stmt"/>
        <line num="12" count="6" type="stmt"/>
        <line num="13" count="6" type="cond" truecount="2" falsecount="0"/>
        <line num="15" count="4" type="stmt"/>
        <line num="16" count="4" type="stmt"/>
        <line num="19" count="35" type="stmt"/>
      </file>
      <file name="TaskList.tsx" path="C:\Users\yeral\OneDrive\Documentos\Especializacion Requerimientos\PruebasCalidadSoftwareMovil\task-manager-testing\src\components\TaskList.tsx">
        <metrics statements="5" coveredstatements="5" conditionals="6" coveredconditionals="6" methods="5" coveredmethods="3"/>
        <line num="13" count="25" type="cond" truecount="2" falsecount="0"/>
        <line num="14" count="13" type="stmt"/>
        <line num="17" count="12" type="stmt"/>
        <line num="26" count="26" type="stmt"/>
        <line num="27" count="19" type="stmt"/>
      </file>
      <file name="UserInfoSection.tsx" path="C:\Users\yeral\OneDrive\Documentos\Especializacion Requerimientos\PruebasCalidadSoftwareMovil\task-manager-testing\src\components\UserInfoSection.tsx">
        <metrics statements="4" coveredstatements="4" conditionals="1" coveredconditionals="0" methods="4" coveredmethods="4"/>
        <line num="18" count="40" type="stmt"/>
        <line num="27" count="4" type="stmt"/>
        <line num="37" count="3" type="stmt"/>
        <line num="46" count="3" type="stmt"/>
      </file>
    </package>
    <package name="src.hooks">
      <metrics statements="56" coveredstatements="56" conditionals="30" coveredconditionals="28" methods="28" coveredmethods="27"/>
      <file name="useCounter.ts" path="C:\Users\yeral\OneDrive\Documentos\Especializacion Requerimientos\PruebasCalidadSoftwareMovil\task-manager-testing\src\hooks\useCounter.ts">
        <metrics statements="5" coveredstatements="5" conditionals="1" coveredconditionals="1" methods="6" coveredmethods="6"/>
        <line num="4" count="9" type="stmt"/>
        <line num="6" count="9" type="stmt"/>
        <line num="7" count="9" type="stmt"/>
        <line num="8" count="9" type="stmt"/>
        <line num="10" count="9" type="stmt"/>
      </file>
      <file name="useCreateTask.ts" path="C:\Users\yeral\OneDrive\Documentos\Especializacion Requerimientos\PruebasCalidadSoftwareMovil\task-manager-testing\src\hooks\useCreateTask.ts">
        <metrics statements="38" coveredstatements="38" conditionals="26" coveredconditionals="24" methods="16" coveredmethods="15"/>
        <line num="6" count="2" type="stmt"/>
        <line num="13" count="44" type="stmt"/>
        <line num="16" count="44" type="stmt"/>
        <line num="17" count="44" type="stmt"/>
        <line num="18" count="44" type="stmt"/>
        <line num="20" count="44" type="stmt"/>
        <line num="21" count="12" type="stmt"/>
        <line num="23" count="12" type="cond" truecount="2" falsecount="0"/>
        <line num="27" count="12" type="stmt"/>
        <line num="29" count="11" type="cond" truecount="1" falsecount="1"/>
        <line num="31" count="11" type="cond" truecount="2" falsecount="0"/>
        <line num="32" count="11" type="cond" truecount="6" falsecount="0"/>
        <line num="33" count="11" type="stmt"/>
        <line num="36" count="1" type="cond" truecount="1" falsecount="1"/>
        <line num="37" count="1" type="stmt"/>
        <line num="38" count="1" type="stmt"/>
        <line num="41" count="12" type="stmt"/>
        <line num="44" count="12" type="stmt"/>
        <line num="45" count="12" type="stmt"/>
        <line num="49" count="44" type="stmt"/>
        <line num="51" count="34" type="cond" truecount="2" falsecount="0"/>
        <line num="52" count="22" type="stmt"/>
        <line num="55" count="44" type="stmt"/>
        <line num="56" count="6" type="stmt"/>
        <line num="57" count="6" type="stmt"/>
        <line num="59" count="6" type="stmt"/>
        <line num="60" count="6" type="cond" truecount="2" falsecount="0"/>
        <line num="68" count="5" type="stmt"/>
        <line num="69" count="5" type="stmt"/>
        <line num="71" count="1" type="stmt"/>
        <line num="72" count="1" type="stmt"/>
        <line num="76" count="44" type="stmt"/>
        <line num="77" count="3" type="stmt"/>
        <line num="80" count="44" type="stmt"/>
        <line num="81" count="4" type="stmt"/>
        <line num="82" count="4" type="stmt"/>
        <line num="83" count="5" type="cond" truecount="4" falsecount="0"/>
        <line num="88" count="44" type="stmt"/>
      </file>
      <file name="useTaskList.ts" path="C:\Users\yeral\OneDrive\Documentos\Especializacion Requerimientos\PruebasCalidadSoftwareMovil\task-manager-testing\src\hooks\useTaskList.ts">
        <metrics statements="13" coveredstatements="13" conditionals="3" coveredconditionals="3" methods="6" coveredmethods="6"/>
        <line num="5" count="10" type="stmt"/>
        <line num="6" count="10" type="stmt"/>
        <line num="8" count="10" type="stmt"/>
        <line num="9" count="4" type="cond" truecount="2" falsecount="0"/>
        <line num="10" count="2" type="stmt"/>
        <line num="11" count="2" type="stmt"/>
        <line num="13" count="2" type="stmt"/>
        <line num="14" count="2" type="stmt"/>
        <line num="19" count="2" type="stmt"/>
        <line num="22" count="10" type="stmt"/>
        <line num="23" count="2" type="stmt"/>
        <line num="26" count="10" type="stmt"/>
        <line num="28" count="10" type="stmt"/>
      </file>
    </package>
    <package name="src.schemas">
      <metrics statements="10" coveredstatements="10" conditionals="2" coveredconditionals="2" methods="2" coveredmethods="2"/>
      <file name="checkoutSchema.ts" path="C:\Users\yeral\OneDrive\Documentos\Especializacion Requerimientos\PruebasCalidadSoftwareMovil\task-manager-testing\src\schemas\checkoutSchema.ts">
        <metrics statements="8" coveredstatements="8" conditionals="2" coveredconditionals="2" methods="2" coveredmethods="2"/>
        <line num="4" count="2" type="stmt"/>
        <line num="5" count="2" type="stmt"/>
        <line num="6" count="2" type="stmt"/>
        <line num="8" count="2" type="stmt"/>
        <line num="21" count="33" type="stmt"/>
        <line num="22" count="33" type="cond" truecount="2" falsecount="0"/>
        <line num="23" count="26" type="stmt"/>
        <line num="24" count="36" type="stmt"/>
      </file>
      <file name="taskSchema.ts" path="C:\Users\yeral\OneDrive\Documentos\Especializacion Requerimientos\PruebasCalidadSoftwareMovil\task-manager-testing\src\schemas\taskSchema.ts">
        <metrics statements="2" coveredstatements="2" conditionals="0" coveredconditionals="0" methods="0" coveredmethods="0"/>
        <line num="3" count="1" type="stmt"/>
        <line num="10" count="1" type="stmt"/>
      </file>
    </package>
    <package name="src.screens">
      <metrics statements="42" coveredstatements="41" conditionals="24" coveredconditionals="22" methods="20" coveredmethods="19"/>
      <file name="CheckoutScreen.tsx" path="C:\Users\yeral\OneDrive\Documentos\Especializacion Requerimientos\PruebasCalidadSoftwareMovil\task-manager-testing\src\screens\CheckoutScreen.tsx">
        <metrics statements="24" coveredstatements="23" conditionals="10" coveredconditionals="10" methods="12" coveredmethods="11"/>
        <line num="10" count="1" type="stmt"/>
        <line num="11" count="1" type="stmt"/>
        <line num="12" count="1" type="stmt"/>
        <line num="14" count="1" type="stmt"/>
        <line num="15" count="41" type="stmt"/>
        <line num="18" count="40" type="stmt"/>
        <line num="19" count="40" type="stmt"/>
        <line num="20" count="40" type="stmt"/>
        <line num="21" count="40" type="stmt"/>
        <line num="22" count="40" type="stmt"/>
        <line num="23" count="40" type="stmt"/>
        <line num="25" count="40" type="stmt"/>
        <line num="26" count="5" type="cond" truecount="2" falsecount="0"/>
        <line num="27" count="1" type="stmt"/>
        <line num="28" count="1" type="stmt"/>
        <line num="29" count="1" type="stmt"/>
        <line num="32" count="4" type="stmt"/>
        <line num="33" count="4" type="stmt"/>
        <line num="34" count="4" type="cond" truecount="2" falsecount="0"/>
        <line num="37" count="40" type="stmt"/>
        <line num="49" count="10" type="stmt"/>
        <line num="54" count="9" type="stmt"/>
        <line num="59" count="12" type="stmt"/>
        <line num="86" count="0" type="stmt"/>
      </file>
      <file name="CreateTaskScreen.tsx" path="C:\Users\yeral\OneDrive\Documentos\Especializacion Requerimientos\PruebasCalidadSoftwareMovil\task-manager-testing\src\screens\CreateTaskScreen.tsx">
        <metrics statements="14" coveredstatements="14" conditionals="14" coveredconditionals="12" methods="6" coveredmethods="6"/>
        <line num="10" count="1" type="stmt"/>
        <line num="21" count="22" type="stmt"/>
        <line num="24" count="22" type="stmt"/>
        <line num="25" count="22" type="stmt"/>
        <line num="26" count="22" type="stmt"/>
        <line num="28" count="22" type="stmt"/>
        <line num="29" count="22" type="stmt"/>
        <line num="31" count="22" type="stmt"/>
        <line num="61" count="66" type="stmt"/>
        <line num="62" count="66" type="stmt"/>
        <line num="65" count="3" type="stmt"/>
        <line num="81" count="1" type="stmt"/>
        <line num="83" count="1" type="cond" truecount="1" falsecount="1"/>
        <line num="84" count="1" type="stmt"/>
      </file>
      <file name="HomeScreen.tsx" path="C:\Users\yeral\OneDrive\Documentos\Especializacion Requerimientos\PruebasCalidadSoftwareMovil\task-manager-testing\src\screens\HomeScreen.tsx">
        <metrics statements="4" coveredstatements="4" conditionals="0" coveredconditionals="0" methods="2" coveredmethods="2"/>
        <line num="6" count="1" type="stmt"/>
        <line num="22" count="3" type="stmt"/>
        <line num="24" count="3" type="stmt"/>
        <line num="31" count="6" type="stmt"/>
      </file>
    </package>
    <package name="src.services">
      <metrics statements="7" coveredstatements="7" conditionals="4" coveredconditionals="4" methods="2" coveredmethods="2"/>
      <file name="taskService.ts" path="C:\Users\yeral\OneDrive\Documentos\Especializacion Requerimientos\PruebasCalidadSoftwareMovil\task-manager-testing\src\services\taskService.ts">
        <metrics statements="7" coveredstatements="7" conditionals="4" coveredconditionals="4" methods="2" coveredmethods="2"/>
        <line num="3" count="3" type="stmt"/>
        <line num="6" count="7" type="stmt"/>
        <line num="7" count="7" type="cond" truecount="2" falsecount="0"/>
        <line num="8" count="5" type="stmt"/>
        <line num="12" count="5" type="stmt"/>
        <line num="17" count="5" type="cond" truecount="2" falsecount="0"/>
        <line num="18" count="3" type="stmt"/>
      </file>
    </package>
    <package name="src.utils">
      <metrics statements="12" coveredstatements="12" conditionals="12" coveredconditionals="12" methods="3" coveredmethods="3"/>
      <file name="filterTasks.ts" path="C:\Users\yeral\OneDrive\Documentos\Especializacion Requerimientos\PruebasCalidadSoftwareMovil\task-manager-testing\src\utils\filterTasks.ts">
        <metrics statements="5" coveredstatements="5" conditionals="4" coveredconditionals="4" methods="2" coveredmethods="2"/>
        <line num="5" count="3" type="stmt"/>
        <line num="8" count="29" type="cond" truecount="2" falsecount="0"/>
        <line num="9" count="2" type="stmt"/>
        <line num="11" count="27" type="cond" truecount="2" falsecount="0"/>
        <line num="12" count="14" type="stmt"/>
      </file>
      <file name="validateTask.ts" path="C:\Users\yeral\OneDrive\Documentos\Especializacion Requerimientos\PruebasCalidadSoftwareMovil\task-manager-testing\src\utils\validateTask.ts">
        <metrics statements="7" coveredstatements="7" conditionals="8" coveredconditionals="8" methods="1" coveredmethods="1"/>
        <line num="2" count="10" type="cond" truecount="4" falsecount="0"/>
        <line num="3" count="4" type="stmt"/>
        <line num="5" count="6" type="cond" truecount="2" falsecount="0"/>
        <line num="6" count="1" type="stmt"/>
        <line num="8" count="5" type="cond" truecount="2" falsecount="0"/>
        <line num="9" count="1" type="stmt"/>
        <line num="11" count="4" type="stmt"/>
      </file>
    </package>
  </project>
</coverage>
