{"C:\\Users\\yeral\\OneDrive\\Documentos\\Especializacion Requerimientos\\PruebasCalidadSoftwareMovil\\task-manager-testing\\src\\types.ts": {"path":"C:\\Users\\yeral\\OneDrive\\Documentos\\Especializacion Requerimientos\\PruebasCalidadSoftwareMovil\\task-manager-testing\\src\\types.ts","statementMap":{},"fnMap":{},"branchMap":{},"s":{},"f":{},"b":{}}
,"C:\\Users\\yeral\\OneDrive\\Documentos\\Especializacion Requerimientos\\PruebasCalidadSoftwareMovil\\task-manager-testing\\src\\components\\ConfirmDeleteDialog.tsx": {"path":"C:\\Users\\yeral\\OneDrive\\Documentos\\Especializacion Requerimientos\\PruebasCalidadSoftwareMovil\\task-manager-testing\\src\\components\\ConfirmDeleteDialog.tsx","statementMap":{"0":{"start":{"line":17,"column":2},"end":{"line":51,"column":4}}},"fnMap":{"0":{"name":"ConfirmDeleteDialog","decl":{"start":{"line":11,"column":16},"end":{"line":11,"column":35}},"loc":{"start":{"line":16,"column":29},"end":{"line":52,"column":1}},"line":16}},"branchMap":{"0":{"loc":{"start":{"line":23,"column":42},"end":{"line":23,"column":85}},"type":"cond-expr","locations":[{"start":{"line":23,"column":54},"end":{"line":23,"column":70}},{"start":{"line":23,"column":73},"end":{"line":23,"column":85}}],"line":23},"1":{"loc":{"start":{"line":39,"column":16},"end":{"line":41,"column":57}},"type":"cond-expr","locations":[{"start":{"line":40,"column":20},"end":{"line":40,"column":59}},{"start":{"line":41,"column":20},"end":{"line":41,"column":57}}],"line":39}},"s":{"0":30},"f":{"0":30},"b":{"0":[10,20],"1":[10,20]},"_coverageSchema":"1a1c01bbd47fc00a2c39e90264f33305004495a9","hash":"1c407aca060ab8661cc9e1a4b027a1bb28b5b909"}
,"C:\\Users\\yeral\\OneDrive\\Documentos\\Especializacion Requerimientos\\PruebasCalidadSoftwareMovil\\task-manager-testing\\src\\components\\LabeledInput.tsx": {"path":"C:\\Users\\yeral\\OneDrive\\Documentos\\Especializacion Requerimientos\\PruebasCalidadSoftwareMovil\\task-manager-testing\\src\\components\\LabeledInput.tsx","statementMap":{"0":{"start":{"line":5,"column":37},"end":{"line":5,"column":66}},"1":{"start":{"line":13,"column":2},"end":{"line":26,"column":4}}},"fnMap":{"0":{"name":"LabeledInput","decl":{"start":{"line":12,"column":16},"end":{"line":12,"column":28}},"loc":{"start":{"line":12,"column":75},"end":{"line":27,"column":1}},"line":12}},"branchMap":{"0":{"loc":{"start":{"line":18,"column":30},"end":{"line":18,"column":87}},"type":"cond-expr","locations":[{"start":{"line":18,"column":54},"end":{"line":18,"column":75}},{"start":{"line":18,"column":78},"end":{"line":18,"column":87}}],"line":18},"1":{"loc":{"start":{"line":20,"column":10},"end":{"line":20,"column":54}},"type":"cond-expr","locations":[{"start":{"line":20,"column":18},"end":{"line":20,"column":34}},{"start":{"line":20,"column":37},"end":{"line":20,"column":54}}],"line":20},"2":{"loc":{"start":{"line":24,"column":7},"end":{"line":24,"column":69}},"type":"binary-expr","locations":[{"start":{"line":24,"column":7},"end":{"line":24,"column":12}},{"start":{"line":24,"column":16},"end":{"line":24,"column":69}}],"line":24}},"s":{"0":1,"1":400},"f":{"0":400},"b":{"0":[400,0],"1":[8,392],"2":[400,8]},"_coverageSchema":"1a1c01bbd47fc00a2c39e90264f33305004495a9","hash":"9491215d56bcf388cc31a61be9c73687c1573663"}
,"C:\\Users\\yeral\\OneDrive\\Documentos\\Especializacion Requerimientos\\PruebasCalidadSoftwareMovil\\task-manager-testing\\src\\components\\PaymentInfoSection.tsx": {"path":"C:\\Users\\yeral\\OneDrive\\Documentos\\Especializacion Requerimientos\\PruebasCalidadSoftwareMovil\\task-manager-testing\\src\\components\\PaymentInfoSection.tsx","statementMap":{"0":{"start":{"line":19,"column":2},"end":{"line":56,"column":4}},"1":{"start":{"line":27,"column":29},"end":{"line":27,"column":51}},"2":{"start":{"line":36,"column":29},"end":{"line":36,"column":57}},"3":{"start":{"line":44,"column":29},"end":{"line":44,"column":55}},"4":{"start":{"line":53,"column":29},"end":{"line":53,"column":47}}},"fnMap":{"0":{"name":"PaymentInfoSection","decl":{"start":{"line":18,"column":16},"end":{"line":18,"column":34}},"loc":{"start":{"line":18,"column":77},"end":{"line":57,"column":1}},"line":18},"1":{"name":"(anonymous_1)","decl":{"start":{"line":27,"column":22},"end":{"line":27,"column":23}},"loc":{"start":{"line":27,"column":29},"end":{"line":27,"column":51}},"line":27},"2":{"name":"(anonymous_2)","decl":{"start":{"line":36,"column":22},"end":{"line":36,"column":23}},"loc":{"start":{"line":36,"column":29},"end":{"line":36,"column":57}},"line":36},"3":{"name":"(anonymous_3)","decl":{"start":{"line":44,"column":22},"end":{"line":44,"column":23}},"loc":{"start":{"line":44,"column":29},"end":{"line":44,"column":55}},"line":44},"4":{"name":"(anonymous_4)","decl":{"start":{"line":53,"column":22},"end":{"line":53,"column":23}},"loc":{"start":{"line":53,"column":29},"end":{"line":53,"column":47}},"line":53}},"branchMap":{"0":{"loc":{"start":{"line":18,"column":55},"end":{"line":18,"column":66}},"type":"default-arg","locations":[{"start":{"line":18,"column":64},"end":{"line":18,"column":66}}],"line":18}},"s":{"0":40,"1":3,"2":3,"3":3,"4":3},"f":{"0":40,"1":3,"2":3,"3":3,"4":3},"b":{"0":[0]},"_coverageSchema":"1a1c01bbd47fc00a2c39e90264f33305004495a9","hash":"aad9b6320717aee5370f90847c6c2ddc909463e1"}
,"C:\\Users\\yeral\\OneDrive\\Documentos\\Especializacion Requerimientos\\PruebasCalidadSoftwareMovil\\task-manager-testing\\src\\components\\ShippingInfoSection.tsx": {"path":"C:\\Users\\yeral\\OneDrive\\Documentos\\Especializacion Requerimientos\\PruebasCalidadSoftwareMovil\\task-manager-testing\\src\\components\\ShippingInfoSection.tsx","statementMap":{"0":{"start":{"line":18,"column":2},"end":{"line":45,"column":4}},"1":{"start":{"line":26,"column":29},"end":{"line":26,"column":53}},"2":{"start":{"line":33,"column":29},"end":{"line":33,"column":50}},"3":{"start":{"line":42,"column":29},"end":{"line":42,"column":56}}},"fnMap":{"0":{"name":"ShippingInfoSection","decl":{"start":{"line":17,"column":16},"end":{"line":17,"column":35}},"loc":{"start":{"line":17,"column":78},"end":{"line":46,"column":1}},"line":17},"1":{"name":"(anonymous_1)","decl":{"start":{"line":26,"column":22},"end":{"line":26,"column":23}},"loc":{"start":{"line":26,"column":29},"end":{"line":26,"column":53}},"line":26},"2":{"name":"(anonymous_2)","decl":{"start":{"line":33,"column":22},"end":{"line":33,"column":23}},"loc":{"start":{"line":33,"column":29},"end":{"line":33,"column":50}},"line":33},"3":{"name":"(anonymous_3)","decl":{"start":{"line":42,"column":22},"end":{"line":42,"column":23}},"loc":{"start":{"line":42,"column":29},"end":{"line":42,"column":56}},"line":42}},"branchMap":{"0":{"loc":{"start":{"line":17,"column":56},"end":{"line":17,"column":67}},"type":"default-arg","locations":[{"start":{"line":17,"column":65},"end":{"line":17,"column":67}}],"line":17}},"s":{"0":40,"1":3,"2":3,"3":3},"f":{"0":40,"1":3,"2":3,"3":3},"b":{"0":[0]},"_coverageSchema":"1a1c01bbd47fc00a2c39e90264f33305004495a9","hash":"008b5e1b46c7095409496c5443e7493ef95bb75e"}
,"C:\\Users\\yeral\\OneDrive\\Documentos\\Especializacion Requerimientos\\PruebasCalidadSoftwareMovil\\task-manager-testing\\src\\components\\StatusBadge.tsx": {"path":"C:\\Users\\yeral\\OneDrive\\Documentos\\Especializacion Requerimientos\\PruebasCalidadSoftwareMovil\\task-manager-testing\\src\\components\\StatusBadge.tsx","statementMap":{"0":{"start":{"line":5,"column":16},"end":{"line":5,"column":67}},"1":{"start":{"line":6,"column":15},"end":{"line":6,"column":49}},"2":{"start":{"line":8,"column":2},"end":{"line":17,"column":4}}},"fnMap":{"0":{"name":"StatusBadge","decl":{"start":{"line":4,"column":16},"end":{"line":4,"column":27}},"loc":{"start":{"line":4,"column":77},"end":{"line":18,"column":1}},"line":4}},"branchMap":{"0":{"loc":{"start":{"line":5,"column":16},"end":{"line":5,"column":67}},"type":"cond-expr","locations":[{"start":{"line":5,"column":41},"end":{"line":5,"column":53}},{"start":{"line":5,"column":56},"end":{"line":5,"column":67}}],"line":5},"1":{"loc":{"start":{"line":6,"column":15},"end":{"line":6,"column":49}},"type":"cond-expr","locations":[{"start":{"line":6,"column":40},"end":{"line":6,"column":43}},{"start":{"line":6,"column":46},"end":{"line":6,"column":49}}],"line":6}},"s":{"0":2,"1":2,"2":2},"f":{"0":2},"b":{"0":[1,1],"1":[1,1]},"_coverageSchema":"1a1c01bbd47fc00a2c39e90264f33305004495a9","hash":"53b9dce14d005cb241da92f9814387e4d8e4c4f2"}
,"C:\\Users\\yeral\\OneDrive\\Documentos\\Especializacion Requerimientos\\PruebasCalidadSoftwareMovil\\task-manager-testing\\src\\components\\TaskCard.tsx": {"path":"C:\\Users\\yeral\\OneDrive\\Documentos\\Especializacion Requerimientos\\PruebasCalidadSoftwareMovil\\task-manager-testing\\src\\components\\TaskCard.tsx","statementMap":{"0":{"start":{"line":12,"column":15},"end":{"line":12,"column":42}},"1":{"start":{"line":13,"column":2},"end":{"line":33,"column":4}},"2":{"start":{"line":17,"column":23},"end":{"line":17,"column":40}},"3":{"start":{"line":26,"column":23},"end":{"line":26,"column":40}}},"fnMap":{"0":{"name":"TaskCard","decl":{"start":{"line":11,"column":16},"end":{"line":11,"column":24}},"loc":{"start":{"line":11,"column":81},"end":{"line":34,"column":1}},"line":11},"1":{"name":"(anonymous_1)","decl":{"start":{"line":11,"column":54},"end":{"line":11,"column":55}},"loc":{"start":{"line":11,"column":60},"end":{"line":11,"column":62}},"line":11},"2":{"name":"(anonymous_2)","decl":{"start":{"line":17,"column":17},"end":{"line":17,"column":18}},"loc":{"start":{"line":17,"column":23},"end":{"line":17,"column":40}},"line":17},"3":{"name":"(anonymous_3)","decl":{"start":{"line":26,"column":17},"end":{"line":26,"column":18}},"loc":{"start":{"line":26,"column":23},"end":{"line":26,"column":40}},"line":26}},"branchMap":{"0":{"loc":{"start":{"line":11,"column":43},"end":{"line":11,"column":62}},"type":"default-arg","locations":[{"start":{"line":11,"column":54},"end":{"line":11,"column":62}}],"line":11},"1":{"loc":{"start":{"line":19,"column":63},"end":{"line":19,"column":96}},"type":"cond-expr","locations":[{"start":{"line":19,"column":70},"end":{"line":19,"column":81}},{"start":{"line":19,"column":84},"end":{"line":19,"column":96}}],"line":19},"2":{"loc":{"start":{"line":21,"column":41},"end":{"line":21,"column":82}},"type":"cond-expr","locations":[{"start":{"line":21,"column":48},"end":{"line":21,"column":64}},{"start":{"line":21,"column":67},"end":{"line":21,"column":82}}],"line":21},"3":{"loc":{"start":{"line":22,"column":11},"end":{"line":22,"column":48}},"type":"cond-expr","locations":[{"start":{"line":22,"column":18},"end":{"line":22,"column":32}},{"start":{"line":22,"column":35},"end":{"line":22,"column":48}}],"line":22}},"s":{"0":26,"1":26,"2":1,"3":3},"f":{"0":26,"1":0,"2":1,"3":3},"b":{"0":[7],"1":[9,17],"2":[9,17],"3":[9,17]},"_coverageSchema":"1a1c01bbd47fc00a2c39e90264f33305004495a9","hash":"4e726eeea4b5b6de1db8674a24e1d41a4bdf671c"}
,"C:\\Users\\yeral\\OneDrive\\Documentos\\Especializacion Requerimientos\\PruebasCalidadSoftwareMovil\\task-manager-testing\\src\\components\\TaskForm.tsx": {"path":"C:\\Users\\yeral\\OneDrive\\Documentos\\Especializacion Requerimientos\\PruebasCalidadSoftwareMovil\\task-manager-testing\\src\\components\\TaskForm.tsx","statementMap":{"0":{"start":{"line":9,"column":28},"end":{"line":9,"column":40}},"1":{"start":{"line":11,"column":23},"end":{"line":17,"column":3}},"2":{"start":{"line":12,"column":28},"end":{"line":12,"column":40}},"3":{"start":{"line":13,"column":4},"end":{"line":13,"column":33}},"4":{"start":{"line":13,"column":26},"end":{"line":13,"column":33}},"5":{"start":{"line":15,"column":4},"end":{"line":15,"column":36}},"6":{"start":{"line":16,"column":4},"end":{"line":16,"column":17}},"7":{"start":{"line":19,"column":2},"end":{"line":41,"column":4}}},"fnMap":{"0":{"name":"TaskForm","decl":{"start":{"line":8,"column":16},"end":{"line":8,"column":24}},"loc":{"start":{"line":8,"column":54},"end":{"line":42,"column":1}},"line":8},"1":{"name":"(anonymous_1)","decl":{"start":{"line":11,"column":23},"end":{"line":11,"column":24}},"loc":{"start":{"line":11,"column":35},"end":{"line":17,"column":3}},"line":11}},"branchMap":{"0":{"loc":{"start":{"line":13,"column":4},"end":{"line":13,"column":33}},"type":"if","locations":[{"start":{"line":13,"column":4},"end":{"line":13,"column":33}},{"start":{},"end":{}}],"line":13}},"s":{"0":35,"1":35,"2":6,"3":6,"4":2,"5":4,"6":4,"7":35},"f":{"0":35,"1":6},"b":{"0":[2,4]},"_coverageSchema":"1a1c01bbd47fc00a2c39e90264f33305004495a9","hash":"cef7d50512aadbe3b2f45c0f89cf9d006455229a"}
,"C:\\Users\\yeral\\OneDrive\\Documentos\\Especializacion Requerimientos\\PruebasCalidadSoftwareMovil\\task-manager-testing\\src\\components\\TaskList.tsx": {"path":"C:\\Users\\yeral\\OneDrive\\Documentos\\Especializacion Requerimientos\\PruebasCalidadSoftwareMovil\\task-manager-testing\\src\\components\\TaskList.tsx","statementMap":{"0":{"start":{"line":13,"column":2},"end":{"line":15,"column":3}},"1":{"start":{"line":14,"column":4},"end":{"line":14,"column":95}},"2":{"start":{"line":17,"column":2},"end":{"line":30,"column":4}},"3":{"start":{"line":26,"column":29},"end":{"line":26,"column":33}},"4":{"start":{"line":27,"column":34},"end":{"line":27,"column":98}}},"fnMap":{"0":{"name":"TaskList","decl":{"start":{"line":12,"column":16},"end":{"line":12,"column":24}},"loc":{"start":{"line":12,"column":93},"end":{"line":31,"column":1}},"line":12},"1":{"name":"(anonymous_1)","decl":{"start":{"line":12,"column":45},"end":{"line":12,"column":46}},"loc":{"start":{"line":12,"column":51},"end":{"line":12,"column":53}},"line":12},"2":{"name":"(anonymous_2)","decl":{"start":{"line":12,"column":66},"end":{"line":12,"column":67}},"loc":{"start":{"line":12,"column":72},"end":{"line":12,"column":74}},"line":12},"3":{"name":"(anonymous_3)","decl":{"start":{"line":26,"column":22},"end":{"line":26,"column":23}},"loc":{"start":{"line":26,"column":29},"end":{"line":26,"column":33}},"line":26},"4":{"name":"(anonymous_4)","decl":{"start":{"line":27,"column":20},"end":{"line":27,"column":21}},"loc":{"start":{"line":27,"column":34},"end":{"line":27,"column":98}},"line":27}},"branchMap":{"0":{"loc":{"start":{"line":12,"column":34},"end":{"line":12,"column":53}},"type":"default-arg","locations":[{"start":{"line":12,"column":45},"end":{"line":12,"column":53}}],"line":12},"1":{"loc":{"start":{"line":12,"column":55},"end":{"line":12,"column":74}},"type":"default-arg","locations":[{"start":{"line":12,"column":66},"end":{"line":12,"column":74}}],"line":12},"2":{"loc":{"start":{"line":13,"column":2},"end":{"line":15,"column":3}},"type":"if","locations":[{"start":{"line":13,"column":2},"end":{"line":15,"column":3}},{"start":{},"end":{}}],"line":13},"3":{"loc":{"start":{"line":20,"column":9},"end":{"line":20,"column":66}},"type":"cond-expr","locations":[{"start":{"line":20,"column":30},"end":{"line":20,"column":39}},{"start":{"line":20,"column":42},"end":{"line":20,"column":66}}],"line":20}},"s":{"0":25,"1":13,"2":12,"3":26,"4":19},"f":{"0":25,"1":0,"2":0,"3":26,"4":19},"b":{"0":[3],"1":[3],"2":[13,12],"3":[5,7]},"_coverageSchema":"1a1c01bbd47fc00a2c39e90264f33305004495a9","hash":"f516a7b2d0fe183b2bb270074c996119fc551b8e"}
,"C:\\Users\\yeral\\OneDrive\\Documentos\\Especializacion Requerimientos\\PruebasCalidadSoftwareMovil\\task-manager-testing\\src\\components\\UserInfoSection.tsx": {"path":"C:\\Users\\yeral\\OneDrive\\Documentos\\Especializacion Requerimientos\\PruebasCalidadSoftwareMovil\\task-manager-testing\\src\\components\\UserInfoSection.tsx","statementMap":{"0":{"start":{"line":18,"column":2},"end":{"line":49,"column":4}},"1":{"start":{"line":27,"column":29},"end":{"line":27,"column":50}},"2":{"start":{"line":37,"column":29},"end":{"line":37,"column":49}},"3":{"start":{"line":46,"column":29},"end":{"line":46,"column":52}}},"fnMap":{"0":{"name":"UserInfoSection","decl":{"start":{"line":17,"column":16},"end":{"line":17,"column":31}},"loc":{"start":{"line":17,"column":74},"end":{"line":50,"column":1}},"line":17},"1":{"name":"(anonymous_1)","decl":{"start":{"line":27,"column":22},"end":{"line":27,"column":23}},"loc":{"start":{"line":27,"column":29},"end":{"line":27,"column":50}},"line":27},"2":{"name":"(anonymous_2)","decl":{"start":{"line":37,"column":22},"end":{"line":37,"column":23}},"loc":{"start":{"line":37,"column":29},"end":{"line":37,"column":49}},"line":37},"3":{"name":"(anonymous_3)","decl":{"start":{"line":46,"column":22},"end":{"line":46,"column":23}},"loc":{"start":{"line":46,"column":29},"end":{"line":46,"column":52}},"line":46}},"branchMap":{"0":{"loc":{"start":{"line":17,"column":52},"end":{"line":17,"column":63}},"type":"default-arg","locations":[{"start":{"line":17,"column":61},"end":{"line":17,"column":63}}],"line":17}},"s":{"0":40,"1":4,"2":3,"3":3},"f":{"0":40,"1":4,"2":3,"3":3},"b":{"0":[0]},"_coverageSchema":"1a1c01bbd47fc00a2c39e90264f33305004495a9","hash":"1df37622ae204f09b07180a6f9a3c93b8a65f0fa"}
,"C:\\Users\\yeral\\OneDrive\\Documentos\\Especializacion Requerimientos\\PruebasCalidadSoftwareMovil\\task-manager-testing\\src\\hooks\\useCounter.ts": {"path":"C:\\Users\\yeral\\OneDrive\\Documentos\\Especializacion Requerimientos\\PruebasCalidadSoftwareMovil\\task-manager-testing\\src\\hooks\\useCounter.ts","statementMap":{"0":{"start":{"line":4,"column":28},"end":{"line":4,"column":50}},"1":{"start":{"line":6,"column":20},"end":{"line":6,"column":54}},"2":{"start":{"line":6,"column":26},"end":{"line":6,"column":54}},"3":{"start":{"line":6,"column":45},"end":{"line":6,"column":53}},"4":{"start":{"line":7,"column":20},"end":{"line":7,"column":54}},"5":{"start":{"line":7,"column":26},"end":{"line":7,"column":54}},"6":{"start":{"line":7,"column":45},"end":{"line":7,"column":53}},"7":{"start":{"line":8,"column":16},"end":{"line":8,"column":44}},"8":{"start":{"line":8,"column":22},"end":{"line":8,"column":44}},"9":{"start":{"line":10,"column":2},"end":{"line":10,"column":48}}},"fnMap":{"0":{"name":"useCounter","decl":{"start":{"line":3,"column":16},"end":{"line":3,"column":26}},"loc":{"start":{"line":3,"column":53},"end":{"line":11,"column":1}},"line":3},"1":{"name":"(anonymous_1)","decl":{"start":{"line":6,"column":20},"end":{"line":6,"column":21}},"loc":{"start":{"line":6,"column":26},"end":{"line":6,"column":54}},"line":6},"2":{"name":"(anonymous_2)","decl":{"start":{"line":6,"column":35},"end":{"line":6,"column":36}},"loc":{"start":{"line":6,"column":45},"end":{"line":6,"column":53}},"line":6},"3":{"name":"(anonymous_3)","decl":{"start":{"line":7,"column":20},"end":{"line":7,"column":21}},"loc":{"start":{"line":7,"column":26},"end":{"line":7,"column":54}},"line":7},"4":{"name":"(anonymous_4)","decl":{"start":{"line":7,"column":35},"end":{"line":7,"column":36}},"loc":{"start":{"line":7,"column":45},"end":{"line":7,"column":53}},"line":7},"5":{"name":"(anonymous_5)","decl":{"start":{"line":8,"column":16},"end":{"line":8,"column":17}},"loc":{"start":{"line":8,"column":22},"end":{"line":8,"column":44}},"line":8}},"branchMap":{"0":{"loc":{"start":{"line":3,"column":27},"end":{"line":3,"column":51}},"type":"default-arg","locations":[{"start":{"line":3,"column":50},"end":{"line":3,"column":51}}],"line":3}},"s":{"0":9,"1":9,"2":3,"3":3,"4":9,"5":1,"6":1,"7":9,"8":1,"9":9},"f":{"0":9,"1":3,"2":3,"3":1,"4":1,"5":1},"b":{"0":[3]},"_coverageSchema":"1a1c01bbd47fc00a2c39e90264f33305004495a9","hash":"549a3c2cbbbeb9bc0fa592c1cf42d0a143cfcbd8"}
,"C:\\Users\\yeral\\OneDrive\\Documentos\\Especializacion Requerimientos\\PruebasCalidadSoftwareMovil\\task-manager-testing\\src\\hooks\\useCreateTask.ts": {"path":"C:\\Users\\yeral\\OneDrive\\Documentos\\Especializacion Requerimientos\\PruebasCalidadSoftwareMovil\\task-manager-testing\\src\\hooks\\useCreateTask.ts","statementMap":{"0":{"start":{"line":7,"column":20},"end":{"line":7,"column":27}},"1":{"start":{"line":14,"column":30},"end":{"line":16,"column":3}},"2":{"start":{"line":17,"column":28},"end":{"line":17,"column":48}},"3":{"start":{"line":18,"column":42},"end":{"line":18,"column":71}},"4":{"start":{"line":19,"column":17},"end":{"line":19,"column":30}},"5":{"start":{"line":21,"column":2},"end":{"line":49,"column":20}},"6":{"start":{"line":22,"column":17},"end":{"line":22,"column":21}},"7":{"start":{"line":24,"column":22},"end":{"line":26,"column":85}},"8":{"start":{"line":28,"column":4},"end":{"line":44,"column":9}},"9":{"start":{"line":30,"column":8},"end":{"line":30,"column":28}},"10":{"start":{"line":30,"column":21},"end":{"line":30,"column":28}},"11":{"start":{"line":32,"column":29},"end":{"line":32,"column":83}},"12":{"start":{"line":33,"column":28},"end":{"line":33,"column":76}},"13":{"start":{"line":34,"column":8},"end":{"line":34,"column":83}},"14":{"start":{"line":35,"column":8},"end":{"line":35,"column":26}},"15":{"start":{"line":38,"column":8},"end":{"line":38,"column":28}},"16":{"start":{"line":38,"column":21},"end":{"line":38,"column":28}},"17":{"start":{"line":39,"column":8},"end":{"line":39,"column":60}},"18":{"start":{"line":40,"column":8},"end":{"line":40,"column":27}},"19":{"start":{"line":43,"column":8},"end":{"line":43,"column":30}},"20":{"start":{"line":46,"column":4},"end":{"line":48,"column":6}},"21":{"start":{"line":47,"column":6},"end":{"line":47,"column":21}},"22":{"start":{"line":51,"column":2},"end":{"line":55,"column":14}},"23":{"start":{"line":53,"column":4},"end":{"line":53,"column":32}},"24":{"start":{"line":53,"column":25},"end":{"line":53,"column":32}},"25":{"start":{"line":54,"column":4},"end":{"line":54,"column":77}},"26":{"start":{"line":57,"column":17},"end":{"line":76,"column":3}},"27":{"start":{"line":58,"column":4},"end":{"line":58,"column":25}},"28":{"start":{"line":59,"column":4},"end":{"line":59,"column":26}},"29":{"start":{"line":61,"column":4},"end":{"line":75,"column":5}},"30":{"start":{"line":62,"column":19},"end":{"line":69,"column":11}},"31":{"start":{"line":70,"column":6},"end":{"line":70,"column":42}},"32":{"start":{"line":70,"column":25},"end":{"line":70,"column":40}},"33":{"start":{"line":71,"column":6},"end":{"line":71,"column":27}},"34":{"start":{"line":73,"column":6},"end":{"line":73,"column":55}},"35":{"start":{"line":74,"column":6},"end":{"line":74,"column":25}},"36":{"start":{"line":78,"column":21},"end":{"line":80,"column":3}},"37":{"start":{"line":79,"column":4},"end":{"line":79,"column":56}},"38":{"start":{"line":79,"column":23},"end":{"line":79,"column":54}},"39":{"start":{"line":79,"column":42},"end":{"line":79,"column":53}},"40":{"start":{"line":82,"column":21},"end":{"line":88,"column":3}},"41":{"start":{"line":83,"column":4},"end":{"line":87,"column":6}},"42":{"start":{"line":84,"column":6},"end":{"line":86,"column":7}},"43":{"start":{"line":85,"column":8},"end":{"line":85,"column":94}},"44":{"start":{"line":90,"column":2},"end":{"line":90,"column":73}}},"fnMap":{"0":{"name":"useCreateTask","decl":{"start":{"line":13,"column":16},"end":{"line":13,"column":29}},"loc":{"start":{"line":13,"column":82},"end":{"line":91,"column":1}},"line":13},"1":{"name":"(anonymous_1)","decl":{"start":{"line":21,"column":12},"end":{"line":21,"column":13}},"loc":{"start":{"line":21,"column":18},"end":{"line":49,"column":3}},"line":21},"2":{"name":"(anonymous_2)","decl":{"start":{"line":29,"column":12},"end":{"line":29,"column":13}},"loc":{"start":{"line":29,"column":36},"end":{"line":36,"column":7}},"line":29},"3":{"name":"(anonymous_3)","decl":{"start":{"line":37,"column":13},"end":{"line":37,"column":14}},"loc":{"start":{"line":37,"column":19},"end":{"line":41,"column":7}},"line":37},"4":{"name":"(anonymous_4)","decl":{"start":{"line":42,"column":15},"end":{"line":42,"column":16}},"loc":{"start":{"line":42,"column":21},"end":{"line":44,"column":7}},"line":42},"5":{"name":"(anonymous_5)","decl":{"start":{"line":46,"column":11},"end":{"line":46,"column":12}},"loc":{"start":{"line":46,"column":17},"end":{"line":48,"column":5}},"line":46},"6":{"name":"(anonymous_6)","decl":{"start":{"line":51,"column":12},"end":{"line":51,"column":13}},"loc":{"start":{"line":51,"column":18},"end":{"line":55,"column":3}},"line":51},"7":{"name":"(anonymous_7)","decl":{"start":{"line":54,"column":67},"end":{"line":54,"column":68}},"loc":{"start":{"line":54,"column":73},"end":{"line":54,"column":75}},"line":54},"8":{"name":"(anonymous_8)","decl":{"start":{"line":57,"column":17},"end":{"line":57,"column":18}},"loc":{"start":{"line":57,"column":42},"end":{"line":76,"column":3}},"line":57},"9":{"name":"(anonymous_9)","decl":{"start":{"line":70,"column":15},"end":{"line":70,"column":16}},"loc":{"start":{"line":70,"column":25},"end":{"line":70,"column":40}},"line":70},"10":{"name":"(anonymous_10)","decl":{"start":{"line":78,"column":21},"end":{"line":78,"column":22}},"loc":{"start":{"line":78,"column":37},"end":{"line":80,"column":3}},"line":78},"11":{"name":"(anonymous_11)","decl":{"start":{"line":79,"column":13},"end":{"line":79,"column":14}},"loc":{"start":{"line":79,"column":23},"end":{"line":79,"column":54}},"line":79},"12":{"name":"(anonymous_12)","decl":{"start":{"line":79,"column":35},"end":{"line":79,"column":36}},"loc":{"start":{"line":79,"column":42},"end":{"line":79,"column":53}},"line":79},"13":{"name":"(anonymous_13)","decl":{"start":{"line":82,"column":21},"end":{"line":82,"column":22}},"loc":{"start":{"line":82,"column":37},"end":{"line":88,"column":3}},"line":82},"14":{"name":"(anonymous_14)","decl":{"start":{"line":83,"column":13},"end":{"line":83,"column":14}},"loc":{"start":{"line":84,"column":6},"end":{"line":86,"column":7}},"line":84},"15":{"name":"(anonymous_15)","decl":{"start":{"line":84,"column":15},"end":{"line":84,"column":16}},"loc":{"start":{"line":85,"column":8},"end":{"line":85,"column":94}},"line":85}},"branchMap":{"0":{"loc":{"start":{"line":13,"column":30},"end":{"line":13,"column":80}},"type":"default-arg","locations":[{"start":{"line":13,"column":78},"end":{"line":13,"column":80}}],"line":13},"1":{"loc":{"start":{"line":13,"column":32},"end":{"line":13,"column":51}},"type":"default-arg","locations":[{"start":{"line":13,"column":46},"end":{"line":13,"column":51}}],"line":13},"2":{"loc":{"start":{"line":15,"column":4},"end":{"line":15,"column":36}},"type":"cond-expr","locations":[{"start":{"line":15,"column":18},"end":{"line":15,"column":27}},{"start":{"line":15,"column":30},"end":{"line":15,"column":36}}],"line":15},"3":{"loc":{"start":{"line":24,"column":22},"end":{"line":26,"column":85}},"type":"cond-expr","locations":[{"start":{"line":25,"column":8},"end":{"line":25,"column":70}},{"start":{"line":26,"column":8},"end":{"line":26,"column":85}}],"line":24},"4":{"loc":{"start":{"line":30,"column":8},"end":{"line":30,"column":28}},"type":"if","locations":[{"start":{"line":30,"column":8},"end":{"line":30,"column":28}},{"start":{},"end":{}}],"line":30},"5":{"loc":{"start":{"line":32,"column":29},"end":{"line":32,"column":83}},"type":"cond-expr","locations":[{"start":{"line":32,"column":35},"end":{"line":32,"column":76}},{"start":{"line":32,"column":79},"end":{"line":32,"column":83}}],"line":32},"6":{"loc":{"start":{"line":33,"column":28},"end":{"line":33,"column":76}},"type":"cond-expr","locations":[{"start":{"line":33,"column":52},"end":{"line":33,"column":69}},{"start":{"line":33,"column":72},"end":{"line":33,"column":76}}],"line":33},"7":{"loc":{"start":{"line":34,"column":17},"end":{"line":34,"column":81}},"type":"cond-expr","locations":[{"start":{"line":34,"column":32},"end":{"line":34,"column":58}},{"start":{"line":34,"column":63},"end":{"line":34,"column":80}}],"line":34},"8":{"loc":{"start":{"line":34,"column":32},"end":{"line":34,"column":58}},"type":"binary-expr","locations":[{"start":{"line":34,"column":32},"end":{"line":34,"column":43}},{"start":{"line":34,"column":47},"end":{"line":34,"column":58}}],"line":34},"9":{"loc":{"start":{"line":34,"column":63},"end":{"line":34,"column":80}},"type":"binary-expr","locations":[{"start":{"line":34,"column":63},"end":{"line":34,"column":74}},{"start":{"line":34,"column":78},"end":{"line":34,"column":80}}],"line":34},"10":{"loc":{"start":{"line":38,"column":8},"end":{"line":38,"column":28}},"type":"if","locations":[{"start":{"line":38,"column":8},"end":{"line":38,"column":28}},{"start":{},"end":{}}],"line":38},"11":{"loc":{"start":{"line":53,"column":4},"end":{"line":53,"column":32}},"type":"if","locations":[{"start":{"line":53,"column":4},"end":{"line":53,"column":32}},{"start":{},"end":{}}],"line":53},"12":{"loc":{"start":{"line":62,"column":19},"end":{"line":69,"column":11}},"type":"cond-expr","locations":[{"start":{"line":63,"column":10},"end":{"line":63,"column":33}},{"start":{"line":64,"column":10},"end":{"line":69,"column":11}}],"line":62},"13":{"loc":{"start":{"line":85,"column":8},"end":{"line":85,"column":94}},"type":"cond-expr","locations":[{"start":{"line":85,"column":22},"end":{"line":85,"column":90}},{"start":{"line":85,"column":93},"end":{"line":85,"column":94}}],"line":85},"14":{"loc":{"start":{"line":85,"column":38},"end":{"line":85,"column":88}},"type":"cond-expr","locations":[{"start":{"line":85,"column":65},"end":{"line":85,"column":74}},{"start":{"line":85,"column":77},"end":{"line":85,"column":88}}],"line":85}},"s":{"0":2,"1":46,"2":46,"3":46,"4":46,"5":46,"6":13,"7":13,"8":13,"9":12,"10":0,"11":12,"12":12,"13":12,"14":12,"15":1,"16":0,"17":1,"18":1,"19":13,"20":13,"21":13,"22":46,"23":36,"24":13,"25":23,"26":46,"27":6,"28":6,"29":6,"30":6,"31":5,"32":5,"33":5,"34":1,"35":1,"36":46,"37":2,"38":2,"39":3,"40":46,"41":4,"42":4,"43":5,"44":46},"f":{"0":46,"1":13,"2":12,"3":1,"4":13,"5":13,"6":36,"7":0,"8":6,"9":5,"10":2,"11":2,"12":3,"13":4,"14":4,"15":5},"b":{"0":[24],"1":[24],"2":[22,24],"3":[5,8],"4":[0,12],"5":[4,8],"6":[3,9],"7":[4,8],"8":[4,4],"9":[8,5],"10":[0,1],"11":[13,23],"12":[2,4],"13":[4,1],"14":[1,3]},"_coverageSchema":"1a1c01bbd47fc00a2c39e90264f33305004495a9","hash":"ed81ddc89cbd3847012ead2d79044e510b6a1630"}
,"C:\\Users\\yeral\\OneDrive\\Documentos\\Especializacion Requerimientos\\PruebasCalidadSoftwareMovil\\task-manager-testing\\src\\hooks\\useTaskList.ts": {"path":"C:\\Users\\yeral\\OneDrive\\Documentos\\Especializacion Requerimientos\\PruebasCalidadSoftwareMovil\\task-manager-testing\\src\\hooks\\useTaskList.ts","statementMap":{"0":{"start":{"line":5,"column":28},"end":{"line":5,"column":58}},"1":{"start":{"line":6,"column":28},"end":{"line":6,"column":57}},"2":{"start":{"line":8,"column":18},"end":{"line":20,"column":3}},"3":{"start":{"line":9,"column":4},"end":{"line":12,"column":5}},"4":{"start":{"line":10,"column":6},"end":{"line":10,"column":49}},"5":{"start":{"line":11,"column":6},"end":{"line":11,"column":13}},"6":{"start":{"line":13,"column":4},"end":{"line":13,"column":19}},"7":{"start":{"line":14,"column":26},"end":{"line":18,"column":5}},"8":{"start":{"line":19,"column":4},"end":{"line":19,"column":43}},"9":{"start":{"line":19,"column":23},"end":{"line":19,"column":41}},"10":{"start":{"line":22,"column":21},"end":{"line":24,"column":3}},"11":{"start":{"line":23,"column":4},"end":{"line":23,"column":62}},"12":{"start":{"line":23,"column":23},"end":{"line":23,"column":60}},"13":{"start":{"line":23,"column":45},"end":{"line":23,"column":59}},"14":{"start":{"line":26,"column":20},"end":{"line":26,"column":32}},"15":{"start":{"line":28,"column":2},"end":{"line":28,"column":58}}},"fnMap":{"0":{"name":"useTaskList","decl":{"start":{"line":4,"column":16},"end":{"line":4,"column":27}},"loc":{"start":{"line":4,"column":55},"end":{"line":29,"column":1}},"line":4},"1":{"name":"(anonymous_1)","decl":{"start":{"line":8,"column":18},"end":{"line":8,"column":19}},"loc":{"start":{"line":8,"column":37},"end":{"line":20,"column":3}},"line":8},"2":{"name":"(anonymous_2)","decl":{"start":{"line":19,"column":13},"end":{"line":19,"column":14}},"loc":{"start":{"line":19,"column":23},"end":{"line":19,"column":41}},"line":19},"3":{"name":"(anonymous_3)","decl":{"start":{"line":22,"column":21},"end":{"line":22,"column":22}},"loc":{"start":{"line":22,"column":37},"end":{"line":24,"column":3}},"line":22},"4":{"name":"(anonymous_4)","decl":{"start":{"line":23,"column":13},"end":{"line":23,"column":14}},"loc":{"start":{"line":23,"column":23},"end":{"line":23,"column":60}},"line":23},"5":{"name":"(anonymous_5)","decl":{"start":{"line":23,"column":35},"end":{"line":23,"column":36}},"loc":{"start":{"line":23,"column":45},"end":{"line":23,"column":59}},"line":23}},"branchMap":{"0":{"loc":{"start":{"line":4,"column":28},"end":{"line":4,"column":53}},"type":"default-arg","locations":[{"start":{"line":4,"column":51},"end":{"line":4,"column":53}}],"line":4},"1":{"loc":{"start":{"line":9,"column":4},"end":{"line":12,"column":5}},"type":"if","locations":[{"start":{"line":9,"column":4},"end":{"line":12,"column":5}},{"start":{},"end":{}}],"line":9}},"s":{"0":10,"1":10,"2":10,"3":4,"4":2,"5":2,"6":2,"7":2,"8":2,"9":2,"10":10,"11":1,"12":1,"13":2,"14":10,"15":10},"f":{"0":10,"1":4,"2":2,"3":1,"4":1,"5":2},"b":{"0":[8],"1":[2,2]},"_coverageSchema":"1a1c01bbd47fc00a2c39e90264f33305004495a9","hash":"47b7d5d5412dd64669fceea2414b2e1bf39d0882"}
,"C:\\Users\\yeral\\OneDrive\\Documentos\\Especializacion Requerimientos\\PruebasCalidadSoftwareMovil\\task-manager-testing\\src\\schemas\\checkoutSchema.ts": {"path":"C:\\Users\\yeral\\OneDrive\\Documentos\\Especializacion Requerimientos\\PruebasCalidadSoftwareMovil\\task-manager-testing\\src\\schemas\\checkoutSchema.ts","statementMap":{"0":{"start":{"line":4,"column":20},"end":{"line":4,"column":38}},"1":{"start":{"line":5,"column":21},"end":{"line":5,"column":28}},"2":{"start":{"line":6,"column":14},"end":{"line":6,"column":40}},"3":{"start":{"line":8,"column":30},"end":{"line":15,"column":2}},"4":{"start":{"line":21,"column":17},"end":{"line":21,"column":49}},"5":{"start":{"line":22,"column":2},"end":{"line":22,"column":32}},"6":{"start":{"line":22,"column":22},"end":{"line":22,"column":32}},"7":{"start":{"line":23,"column":2},"end":{"line":25,"column":4}},"8":{"start":{"line":24,"column":78},"end":{"line":24,"column":96}}},"fnMap":{"0":{"name":"validateCheckout","decl":{"start":{"line":20,"column":16},"end":{"line":20,"column":32}},"loc":{"start":{"line":20,"column":106},"end":{"line":26,"column":1}},"line":20},"1":{"name":"(anonymous_1)","decl":{"start":{"line":24,"column":59},"end":{"line":24,"column":60}},"loc":{"start":{"line":24,"column":78},"end":{"line":24,"column":96}},"line":24}},"branchMap":{"0":{"loc":{"start":{"line":22,"column":2},"end":{"line":22,"column":32}},"type":"if","locations":[{"start":{"line":22,"column":2},"end":{"line":22,"column":32}},{"start":{},"end":{}}],"line":22}},"s":{"0":2,"1":2,"2":2,"3":2,"4":33,"5":33,"6":7,"7":26,"8":36},"f":{"0":33,"1":36},"b":{"0":[7,26]},"_coverageSchema":"1a1c01bbd47fc00a2c39e90264f33305004495a9","hash":"5a6f47d55a4e582e0acd99d867e375c1d5d25f6c"}
,"C:\\Users\\yeral\\OneDrive\\Documentos\\Especializacion Requerimientos\\PruebasCalidadSoftwareMovil\\task-manager-testing\\src\\schemas\\taskSchema.ts": {"path":"C:\\Users\\yeral\\OneDrive\\Documentos\\Especializacion Requerimientos\\PruebasCalidadSoftwareMovil\\task-manager-testing\\src\\schemas\\taskSchema.ts","statementMap":{"0":{"start":{"line":3,"column":26},"end":{"line":8,"column":2}},"1":{"start":{"line":10,"column":30},"end":{"line":10,"column":49}}},"fnMap":{},"branchMap":{},"s":{"0":4,"1":4},"f":{},"b":{},"_coverageSchema":"1a1c01bbd47fc00a2c39e90264f33305004495a9","hash":"b919bf81ed3689ca65dd8df0f81a390962a22568"}
,"C:\\Users\\yeral\\OneDrive\\Documentos\\Especializacion Requerimientos\\PruebasCalidadSoftwareMovil\\task-manager-testing\\src\\screens\\CheckoutScreen.tsx": {"path":"C:\\Users\\yeral\\OneDrive\\Documentos\\Especializacion Requerimientos\\PruebasCalidadSoftwareMovil\\task-manager-testing\\src\\screens\\CheckoutScreen.tsx","statementMap":{"0":{"start":{"line":10,"column":28},"end":{"line":10,"column":67}},"1":{"start":{"line":11,"column":36},"end":{"line":11,"column":83}},"2":{"start":{"line":12,"column":34},"end":{"line":12,"column":94}},"3":{"start":{"line":14,"column":18},"end":{"line":15,"column":81}},"4":{"start":{"line":15,"column":2},"end":{"line":15,"column":81}},"5":{"start":{"line":15,"column":22},"end":{"line":15,"column":80}},"6":{"start":{"line":15,"column":52},"end":{"line":15,"column":79}},"7":{"start":{"line":18,"column":17},"end":{"line":18,"column":36}},"8":{"start":{"line":19,"column":26},"end":{"line":19,"column":45}},"9":{"start":{"line":20,"column":34},"end":{"line":20,"column":57}},"10":{"start":{"line":21,"column":32},"end":{"line":21,"column":54}},"11":{"start":{"line":22,"column":30},"end":{"line":22,"column":76}},"12":{"start":{"line":23,"column":30},"end":{"line":23,"column":78}},"13":{"start":{"line":25,"column":17},"end":{"line":35,"column":3}},"14":{"start":{"line":26,"column":4},"end":{"line":30,"column":5}},"15":{"start":{"line":27,"column":6},"end":{"line":27,"column":20}},"16":{"start":{"line":28,"column":6},"end":{"line":28,"column":25}},"17":{"start":{"line":29,"column":6},"end":{"line":29,"column":13}},"18":{"start":{"line":32,"column":18},"end":{"line":32,"column":72}},"19":{"start":{"line":33,"column":4},"end":{"line":33,"column":21}},"20":{"start":{"line":34,"column":4},"end":{"line":34,"column":66}},"21":{"start":{"line":37,"column":2},"end":{"line":93,"column":4}},"22":{"start":{"line":49,"column":28},"end":{"line":49,"column":62}},"23":{"start":{"line":49,"column":44},"end":{"line":49,"column":60}},"24":{"start":{"line":54,"column":28},"end":{"line":54,"column":66}},"25":{"start":{"line":54,"column":48},"end":{"line":54,"column":64}},"26":{"start":{"line":59,"column":28},"end":{"line":59,"column":65}},"27":{"start":{"line":59,"column":47},"end":{"line":59,"column":63}},"28":{"start":{"line":86,"column":36},"end":{"line":86,"column":54}}},"fnMap":{"0":{"name":"(anonymous_0)","decl":{"start":{"line":14,"column":18},"end":{"line":14,"column":19}},"loc":{"start":{"line":15,"column":2},"end":{"line":15,"column":81}},"line":15},"1":{"name":"(anonymous_1)","decl":{"start":{"line":15,"column":15},"end":{"line":15,"column":16}},"loc":{"start":{"line":15,"column":22},"end":{"line":15,"column":80}},"line":15},"2":{"name":"(anonymous_2)","decl":{"start":{"line":15,"column":45},"end":{"line":15,"column":46}},"loc":{"start":{"line":15,"column":52},"end":{"line":15,"column":79}},"line":15},"3":{"name":"CheckoutScreen","decl":{"start":{"line":17,"column":16},"end":{"line":17,"column":30}},"loc":{"start":{"line":17,"column":33},"end":{"line":94,"column":1}},"line":17},"4":{"name":"(anonymous_4)","decl":{"start":{"line":25,"column":17},"end":{"line":25,"column":18}},"loc":{"start":{"line":25,"column":23},"end":{"line":35,"column":3}},"line":25},"5":{"name":"(anonymous_5)","decl":{"start":{"line":49,"column":18},"end":{"line":49,"column":19}},"loc":{"start":{"line":49,"column":28},"end":{"line":49,"column":62}},"line":49},"6":{"name":"(anonymous_6)","decl":{"start":{"line":49,"column":36},"end":{"line":49,"column":37}},"loc":{"start":{"line":49,"column":44},"end":{"line":49,"column":60}},"line":49},"7":{"name":"(anonymous_7)","decl":{"start":{"line":54,"column":18},"end":{"line":54,"column":19}},"loc":{"start":{"line":54,"column":28},"end":{"line":54,"column":66}},"line":54},"8":{"name":"(anonymous_8)","decl":{"start":{"line":54,"column":40},"end":{"line":54,"column":41}},"loc":{"start":{"line":54,"column":48},"end":{"line":54,"column":64}},"line":54},"9":{"name":"(anonymous_9)","decl":{"start":{"line":59,"column":18},"end":{"line":59,"column":19}},"loc":{"start":{"line":59,"column":28},"end":{"line":59,"column":65}},"line":59},"10":{"name":"(anonymous_10)","decl":{"start":{"line":59,"column":39},"end":{"line":59,"column":40}},"loc":{"start":{"line":59,"column":47},"end":{"line":59,"column":63}},"line":59},"11":{"name":"(anonymous_11)","decl":{"start":{"line":86,"column":30},"end":{"line":86,"column":31}},"loc":{"start":{"line":86,"column":36},"end":{"line":86,"column":54}},"line":86}},"branchMap":{"0":{"loc":{"start":{"line":26,"column":4},"end":{"line":30,"column":5}},"type":"if","locations":[{"start":{"line":26,"column":4},"end":{"line":30,"column":5}},{"start":{},"end":{}}],"line":26},"1":{"loc":{"start":{"line":34,"column":14},"end":{"line":34,"column":64}},"type":"cond-expr","locations":[{"start":{"line":34,"column":46},"end":{"line":34,"column":52}},{"start":{"line":34,"column":55},"end":{"line":34,"column":64}}],"line":34},"2":{"loc":{"start":{"line":62,"column":7},"end":{"line":66,"column":7}},"type":"binary-expr","locations":[{"start":{"line":62,"column":7},"end":{"line":62,"column":25}},{"start":{"line":63,"column":8},"end":{"line":65,"column":15}}],"line":62},"3":{"loc":{"start":{"line":67,"column":7},"end":{"line":71,"column":7}},"type":"binary-expr","locations":[{"start":{"line":67,"column":7},"end":{"line":67,"column":27}},{"start":{"line":68,"column":8},"end":{"line":70,"column":15}}],"line":67},"4":{"loc":{"start":{"line":83,"column":5},"end":{"line":91,"column":5}},"type":"binary-expr","locations":[{"start":{"line":83,"column":5},"end":{"line":83,"column":26}},{"start":{"line":84,"column":6},"end":{"line":90,"column":27}}],"line":83}},"s":{"0":1,"1":1,"2":1,"3":1,"4":5,"5":13,"6":41,"7":40,"8":40,"9":40,"10":40,"11":40,"12":40,"13":40,"14":5,"15":1,"16":1,"17":1,"18":4,"19":4,"20":4,"21":40,"22":10,"23":10,"24":9,"25":9,"26":12,"27":12,"28":0},"f":{"0":5,"1":13,"2":41,"3":40,"4":5,"5":10,"6":10,"7":9,"8":9,"9":12,"10":12,"11":0},"b":{"0":[1,4],"1":[2,2],"2":[40,1],"3":[40,2],"4":[40,40]},"_coverageSchema":"1a1c01bbd47fc00a2c39e90264f33305004495a9","hash":"fd0cd4fd026d7109191b22999d0cf0ebf46d5a7e"}
,"C:\\Users\\yeral\\OneDrive\\Documentos\\Especializacion Requerimientos\\PruebasCalidadSoftwareMovil\\task-manager-testing\\src\\screens\\CreateTaskScreen.tsx": {"path":"C:\\Users\\yeral\\OneDrive\\Documentos\\Especializacion Requerimientos\\PruebasCalidadSoftwareMovil\\task-manager-testing\\src\\screens\\CreateTaskScreen.tsx","statementMap":{"0":{"start":{"line":10,"column":58},"end":{"line":14,"column":1}},"1":{"start":{"line":21,"column":74},"end":{"line":23,"column":4}},"2":{"start":{"line":24,"column":17},"end":{"line":24,"column":36}},"3":{"start":{"line":25,"column":44},"end":{"line":25,"column":73}},"4":{"start":{"line":26,"column":30},"end":{"line":26,"column":59}},"5":{"start":{"line":28,"column":22},"end":{"line":28,"column":63}},"6":{"start":{"line":28,"column":40},"end":{"line":28,"column":62}},"7":{"start":{"line":29,"column":23},"end":{"line":29,"column":57}},"8":{"start":{"line":31,"column":2},"end":{"line":88,"column":4}},"9":{"start":{"line":61,"column":25},"end":{"line":61,"column":43}},"10":{"start":{"line":62,"column":10},"end":{"line":74,"column":12}},"11":{"start":{"line":65,"column":29},"end":{"line":65,"column":47}},"12":{"start":{"line":81,"column":24},"end":{"line":81,"column":46}},"13":{"start":{"line":83,"column":10},"end":{"line":83,"column":55}},"14":{"start":{"line":83,"column":29},"end":{"line":83,"column":55}},"15":{"start":{"line":84,"column":10},"end":{"line":84,"column":33}}},"fnMap":{"0":{"name":"CreateTaskScreen","decl":{"start":{"line":20,"column":16},"end":{"line":20,"column":32}},"loc":{"start":{"line":20,"column":81},"end":{"line":89,"column":1}},"line":20},"1":{"name":"(anonymous_1)","decl":{"start":{"line":28,"column":33},"end":{"line":28,"column":34}},"loc":{"start":{"line":28,"column":40},"end":{"line":28,"column":62}},"line":28},"2":{"name":"(anonymous_2)","decl":{"start":{"line":60,"column":21},"end":{"line":60,"column":22}},"loc":{"start":{"line":60,"column":28},"end":{"line":75,"column":9}},"line":60},"3":{"name":"(anonymous_3)","decl":{"start":{"line":65,"column":23},"end":{"line":65,"column":24}},"loc":{"start":{"line":65,"column":29},"end":{"line":65,"column":47}},"line":65},"4":{"name":"(anonymous_4)","decl":{"start":{"line":81,"column":18},"end":{"line":81,"column":19}},"loc":{"start":{"line":81,"column":24},"end":{"line":81,"column":46}},"line":81},"5":{"name":"(anonymous_5)","decl":{"start":{"line":82,"column":19},"end":{"line":82,"column":20}},"loc":{"start":{"line":82,"column":25},"end":{"line":85,"column":9}},"line":82}},"branchMap":{"0":{"loc":{"start":{"line":20,"column":35},"end":{"line":20,"column":54}},"type":"default-arg","locations":[{"start":{"line":20,"column":49},"end":{"line":20,"column":54}}],"line":20},"1":{"loc":{"start":{"line":38,"column":7},"end":{"line":42,"column":7}},"type":"binary-expr","locations":[{"start":{"line":38,"column":7},"end":{"line":38,"column":27}},{"start":{"line":39,"column":8},"end":{"line":41,"column":15}}],"line":38},"2":{"loc":{"start":{"line":43,"column":7},"end":{"line":50,"column":7}},"type":"binary-expr","locations":[{"start":{"line":43,"column":7},"end":{"line":43,"column":27}},{"start":{"line":44,"column":8},"end":{"line":49,"column":15}}],"line":43},"3":{"loc":{"start":{"line":51,"column":7},"end":{"line":58,"column":7}},"type":"binary-expr","locations":[{"start":{"line":51,"column":7},"end":{"line":51,"column":25}},{"start":{"line":51,"column":29},"end":{"line":51,"column":41}},{"start":{"line":52,"column":8},"end":{"line":57,"column":15}}],"line":51},"4":{"loc":{"start":{"line":68,"column":51},"end":{"line":68,"column":89}},"type":"cond-expr","locations":[{"start":{"line":68,"column":60},"end":{"line":68,"column":73}},{"start":{"line":68,"column":76},"end":{"line":68,"column":89}}],"line":68},"5":{"loc":{"start":{"line":70,"column":54},"end":{"line":70,"column":93}},"type":"cond-expr","locations":[{"start":{"line":70,"column":63},"end":{"line":70,"column":75}},{"start":{"line":70,"column":78},"end":{"line":70,"column":93}}],"line":70},"6":{"loc":{"start":{"line":83,"column":10},"end":{"line":83,"column":55}},"type":"if","locations":[{"start":{"line":83,"column":10},"end":{"line":83,"column":55}},{"start":{},"end":{}}],"line":83}},"s":{"0":1,"1":22,"2":22,"3":22,"4":22,"5":22,"6":16,"7":22,"8":22,"9":66,"10":66,"11":3,"12":1,"13":1,"14":1,"15":1},"f":{"0":22,"1":16,"2":66,"3":3,"4":1,"5":1},"b":{"0":[0],"1":[22,7],"2":[22,1],"3":[22,2,2],"4":[22,44],"5":[22,44],"6":[1,0]},"_coverageSchema":"1a1c01bbd47fc00a2c39e90264f33305004495a9","hash":"02bdf80aa256ff87510eb833fb750f3e1f9fca3b"}
,"C:\\Users\\yeral\\OneDrive\\Documentos\\Especializacion Requerimientos\\PruebasCalidadSoftwareMovil\\task-manager-testing\\src\\screens\\HomeScreen.tsx": {"path":"C:\\Users\\yeral\\OneDrive\\Documentos\\Especializacion Requerimientos\\PruebasCalidadSoftwareMovil\\task-manager-testing\\src\\screens\\HomeScreen.tsx","statementMap":{"0":{"start":{"line":6,"column":92},"end":{"line":19,"column":1}},"1":{"start":{"line":22,"column":17},"end":{"line":22,"column":36}},"2":{"start":{"line":24,"column":2},"end":{"line":43,"column":4}},"3":{"start":{"line":31,"column":8},"end":{"line":40,"column":15}}},"fnMap":{"0":{"name":"HomeScreen","decl":{"start":{"line":21,"column":16},"end":{"line":21,"column":26}},"loc":{"start":{"line":21,"column":29},"end":{"line":44,"column":1}},"line":21},"1":{"name":"(anonymous_1)","decl":{"start":{"line":30,"column":19},"end":{"line":30,"column":20}},"loc":{"start":{"line":31,"column":8},"end":{"line":40,"column":15}},"line":31}},"branchMap":{},"s":{"0":1,"1":3,"2":3,"3":6},"f":{"0":3,"1":6},"b":{},"_coverageSchema":"1a1c01bbd47fc00a2c39e90264f33305004495a9","hash":"e14d1406f2e2fe65d959f00ff35646f7854ea65d"}
,"C:\\Users\\yeral\\OneDrive\\Documentos\\Especializacion Requerimientos\\PruebasCalidadSoftwareMovil\\task-manager-testing\\src\\services\\taskService.ts": {"path":"C:\\Users\\yeral\\OneDrive\\Documentos\\Especializacion Requerimientos\\PruebasCalidadSoftwareMovil\\task-manager-testing\\src\\services\\taskService.ts","statementMap":{"0":{"start":{"line":4,"column":16},"end":{"line":4,"column":45}},"1":{"start":{"line":7,"column":14},"end":{"line":7,"column":45}},"2":{"start":{"line":8,"column":2},"end":{"line":8,"column":62}},"3":{"start":{"line":8,"column":15},"end":{"line":8,"column":62}},"4":{"start":{"line":10,"column":17},"end":{"line":10,"column":59}},"5":{"start":{"line":11,"column":2},"end":{"line":13,"column":3}},"6":{"start":{"line":12,"column":4},"end":{"line":12,"column":81}},"7":{"start":{"line":15,"column":2},"end":{"line":15,"column":21}},"8":{"start":{"line":19,"column":14},"end":{"line":23,"column":4}},"9":{"start":{"line":24,"column":2},"end":{"line":24,"column":58}},"10":{"start":{"line":24,"column":15},"end":{"line":24,"column":58}},"11":{"start":{"line":26,"column":17},"end":{"line":26,"column":55}},"12":{"start":{"line":27,"column":2},"end":{"line":29,"column":3}},"13":{"start":{"line":28,"column":4},"end":{"line":28,"column":82}},"14":{"start":{"line":31,"column":2},"end":{"line":31,"column":21}}},"fnMap":{"0":{"name":"fetchTasks","decl":{"start":{"line":6,"column":22},"end":{"line":6,"column":32}},"loc":{"start":{"line":6,"column":52},"end":{"line":16,"column":1}},"line":6},"1":{"name":"createTask","decl":{"start":{"line":18,"column":22},"end":{"line":18,"column":32}},"loc":{"start":{"line":18,"column":63},"end":{"line":32,"column":1}},"line":18}},"branchMap":{"0":{"loc":{"start":{"line":8,"column":2},"end":{"line":8,"column":62}},"type":"if","locations":[{"start":{"line":8,"column":2},"end":{"line":8,"column":62}},{"start":{},"end":{}}],"line":8},"1":{"loc":{"start":{"line":11,"column":2},"end":{"line":13,"column":3}},"type":"if","locations":[{"start":{"line":11,"column":2},"end":{"line":13,"column":3}},{"start":{},"end":{}}],"line":11},"2":{"loc":{"start":{"line":24,"column":2},"end":{"line":24,"column":58}},"type":"if","locations":[{"start":{"line":24,"column":2},"end":{"line":24,"column":58}},{"start":{},"end":{}}],"line":24},"3":{"loc":{"start":{"line":27,"column":2},"end":{"line":29,"column":3}},"type":"if","locations":[{"start":{"line":27,"column":2},"end":{"line":29,"column":3}},{"start":{},"end":{}}],"line":27}},"s":{"0":4,"1":9,"2":9,"3":2,"4":7,"5":7,"6":1,"7":6,"8":7,"9":7,"10":2,"11":5,"12":5,"13":1,"14":4},"f":{"0":9,"1":7},"b":{"0":[2,7],"1":[1,6],"2":[2,5],"3":[1,4]},"_coverageSchema":"1a1c01bbd47fc00a2c39e90264f33305004495a9","hash":"fd6227bfec82a77485027ed4123e2a6f28c7d3e9"}
,"C:\\Users\\yeral\\OneDrive\\Documentos\\Especializacion Requerimientos\\PruebasCalidadSoftwareMovil\\task-manager-testing\\src\\utils\\filterTasks.ts": {"path":"C:\\Users\\yeral\\OneDrive\\Documentos\\Especializacion Requerimientos\\PruebasCalidadSoftwareMovil\\task-manager-testing\\src\\utils\\filterTasks.ts","statementMap":{"0":{"start":{"line":5,"column":30},"end":{"line":5,"column":73}},"1":{"start":{"line":8,"column":2},"end":{"line":10,"column":3}},"2":{"start":{"line":9,"column":4},"end":{"line":9,"column":50}},"3":{"start":{"line":11,"column":2},"end":{"line":11,"column":37}},"4":{"start":{"line":11,"column":24},"end":{"line":11,"column":37}},"5":{"start":{"line":12,"column":2},"end":{"line":12,"column":50}},"6":{"start":{"line":12,"column":29},"end":{"line":12,"column":48}}},"fnMap":{"0":{"name":"filterTasksByStatus","decl":{"start":{"line":7,"column":16},"end":{"line":7,"column":35}},"loc":{"start":{"line":7,"column":81},"end":{"line":13,"column":1}},"line":7},"1":{"name":"(anonymous_1)","decl":{"start":{"line":12,"column":22},"end":{"line":12,"column":23}},"loc":{"start":{"line":12,"column":29},"end":{"line":12,"column":48}},"line":12}},"branchMap":{"0":{"loc":{"start":{"line":8,"column":2},"end":{"line":10,"column":3}},"type":"if","locations":[{"start":{"line":8,"column":2},"end":{"line":10,"column":3}},{"start":{},"end":{}}],"line":8},"1":{"loc":{"start":{"line":11,"column":2},"end":{"line":11,"column":37}},"type":"if","locations":[{"start":{"line":11,"column":2},"end":{"line":11,"column":37}},{"start":{},"end":{}}],"line":11}},"s":{"0":3,"1":29,"2":2,"3":27,"4":21,"5":6,"6":14},"f":{"0":29,"1":14},"b":{"0":[2,27],"1":[21,6]},"_coverageSchema":"1a1c01bbd47fc00a2c39e90264f33305004495a9","hash":"4db12ca5aa1ea220e4c1aab0bd36da825269b576"}
,"C:\\Users\\yeral\\OneDrive\\Documentos\\Especializacion Requerimientos\\PruebasCalidadSoftwareMovil\\task-manager-testing\\src\\utils\\validateTask.ts": {"path":"C:\\Users\\yeral\\OneDrive\\Documentos\\Especializacion Requerimientos\\PruebasCalidadSoftwareMovil\\task-manager-testing\\src\\utils\\validateTask.ts","statementMap":{"0":{"start":{"line":2,"column":2},"end":{"line":4,"column":3}},"1":{"start":{"line":3,"column":4},"end":{"line":3,"column":38}},"2":{"start":{"line":5,"column":2},"end":{"line":7,"column":3}},"3":{"start":{"line":6,"column":4},"end":{"line":6,"column":56}},"4":{"start":{"line":8,"column":2},"end":{"line":10,"column":3}},"5":{"start":{"line":9,"column":4},"end":{"line":9,"column":59}},"6":{"start":{"line":11,"column":2},"end":{"line":11,"column":14}}},"fnMap":{"0":{"name":"validateTaskTitle","decl":{"start":{"line":1,"column":16},"end":{"line":1,"column":33}},"loc":{"start":{"line":1,"column":64},"end":{"line":12,"column":1}},"line":1}},"branchMap":{"0":{"loc":{"start":{"line":2,"column":2},"end":{"line":4,"column":3}},"type":"if","locations":[{"start":{"line":2,"column":2},"end":{"line":4,"column":3}},{"start":{},"end":{}}],"line":2},"1":{"loc":{"start":{"line":2,"column":6},"end":{"line":2,"column":41}},"type":"binary-expr","locations":[{"start":{"line":2,"column":6},"end":{"line":2,"column":12}},{"start":{"line":2,"column":16},"end":{"line":2,"column":41}}],"line":2},"2":{"loc":{"start":{"line":5,"column":2},"end":{"line":7,"column":3}},"type":"if","locations":[{"start":{"line":5,"column":2},"end":{"line":7,"column":3}},{"start":{},"end":{}}],"line":5},"3":{"loc":{"start":{"line":8,"column":2},"end":{"line":10,"column":3}},"type":"if","locations":[{"start":{"line":8,"column":2},"end":{"line":10,"column":3}},{"start":{},"end":{}}],"line":8}},"s":{"0":10,"1":4,"2":6,"3":1,"4":5,"5":1,"6":4},"f":{"0":10},"b":{"0":[4,6],"1":[10,8],"2":[1,5],"3":[1,4]},"_coverageSchema":"1a1c01bbd47fc00a2c39e90264f33305004495a9","hash":"bf8e1a6babb5a93ae879e1031d944b1208f2d805"}
}
