TN:
SF:src\types.ts
FNF:0
FNH:0
LF:0
LH:0
BRF:0
BRH:0
end_of_record
TN:
SF:src\components\ConfirmDeleteDialog.tsx
FN:11,ConfirmDeleteDialog
FNF:1
FNH:1
FNDA:30,ConfirmDeleteDialog
DA:17,30
LF:1
LH:1
BRDA:23,0,0,10
BRDA:23,0,1,20
BRDA:39,1,0,10
BRDA:39,1,1,20
BRF:4
BRH:4
end_of_record
TN:
SF:src\components\LabeledInput.tsx
FN:12,LabeledInput
FNF:1
FNH:1
FNDA:400,LabeledInput
DA:5,1
DA:13,400
LF:2
LH:2
BRDA:18,0,0,400
BRDA:18,0,1,0
BRDA:20,1,0,8
BRDA:20,1,1,392
BRDA:24,2,0,400
BRDA:24,2,1,8
BRF:6
BRH:5
end_of_record
TN:
SF:src\components\PaymentInfoSection.tsx
FN:18,PaymentInfoSection
FN:27,(anonymous_1)
FN:36,(anonymous_2)
FN:44,(anonymous_3)
FN:53,(anonymous_4)
FNF:5
FNH:5
FNDA:40,PaymentInfoSection
FNDA:3,(anonymous_1)
FNDA:3,(anonymous_2)
FNDA:3,(anonymous_3)
FNDA:3,(anonymous_4)
DA:19,40
DA:27,3
DA:36,3
DA:44,3
DA:53,3
LF:5
LH:5
BRDA:18,0,0,0
BRF:1
BRH:0
end_of_record
TN:
SF:src\components\ShippingInfoSection.tsx
FN:17,ShippingInfoSection
FN:26,(anonymous_1)
FN:33,(anonymous_2)
FN:42,(anonymous_3)
FNF:4
FNH:4
FNDA:40,ShippingInfoSection
FNDA:3,(anonymous_1)
FNDA:3,(anonymous_2)
FNDA:3,(anonymous_3)
DA:18,40
DA:26,3
DA:33,3
DA:42,3
LF:4
LH:4
BRDA:17,0,0,0
BRF:1
BRH:0
end_of_record
TN:
SF:src\components\StatusBadge.tsx
FN:4,StatusBadge
FNF:1
FNH:1
FNDA:2,StatusBadge
DA:5,2
DA:6,2
DA:8,2
LF:3
LH:3
BRDA:5,0,0,1
BRDA:5,0,1,1
BRDA:6,1,0,1
BRDA:6,1,1,1
BRF:4
BRH:4
end_of_record
TN:
SF:src\components\TaskCard.tsx
FN:11,TaskCard
FN:11,(anonymous_1)
FN:17,(anonymous_2)
FN:26,(anonymous_3)
FNF:4
FNH:3
FNDA:26,TaskCard
FNDA:0,(anonymous_1)
FNDA:1,(anonymous_2)
FNDA:3,(anonymous_3)
DA:12,26
DA:13,26
DA:17,1
DA:26,3
LF:4
LH:4
BRDA:11,0,0,7
BRDA:19,1,0,9
BRDA:19,1,1,17
BRDA:21,2,0,9
BRDA:21,2,1,17
BRDA:22,3,0,9
BRDA:22,3,1,17
BRF:7
BRH:7
end_of_record
TN:
SF:src\components\TaskForm.tsx
FN:8,TaskForm
FN:11,(anonymous_1)
FNF:2
FNH:2
FNDA:35,TaskForm
FNDA:6,(anonymous_1)
DA:9,35
DA:11,35
DA:12,6
DA:13,6
DA:15,4
DA:16,4
DA:19,35
LF:7
LH:7
BRDA:13,0,0,2
BRDA:13,0,1,4
BRF:2
BRH:2
end_of_record
TN:
SF:src\components\TaskList.tsx
FN:12,TaskList
FN:12,(anonymous_1)
FN:12,(anonymous_2)
FN:26,(anonymous_3)
FN:27,(anonymous_4)
FNF:5
FNH:3
FNDA:25,TaskList
FNDA:0,(anonymous_1)
FNDA:0,(anonymous_2)
FNDA:26,(anonymous_3)
FNDA:19,(anonymous_4)
DA:13,25
DA:14,13
DA:17,12
DA:26,26
DA:27,19
LF:5
LH:5
BRDA:12,0,0,3
BRDA:12,1,0,3
BRDA:13,2,0,13
BRDA:13,2,1,12
BRDA:20,3,0,5
BRDA:20,3,1,7
BRF:6
BRH:6
end_of_record
TN:
SF:src\components\UserInfoSection.tsx
FN:17,UserInfoSection
FN:27,(anonymous_1)
FN:37,(anonymous_2)
FN:46,(anonymous_3)
FNF:4
FNH:4
FNDA:40,UserInfoSection
FNDA:4,(anonymous_1)
FNDA:3,(anonymous_2)
FNDA:3,(anonymous_3)
DA:18,40
DA:27,4
DA:37,3
DA:46,3
LF:4
LH:4
BRDA:17,0,0,0
BRF:1
BRH:0
end_of_record
TN:
SF:src\hooks\useCounter.ts
FN:3,useCounter
FN:6,(anonymous_1)
FN:6,(anonymous_2)
FN:7,(anonymous_3)
FN:7,(anonymous_4)
FN:8,(anonymous_5)
FNF:6
FNH:6
FNDA:9,useCounter
FNDA:3,(anonymous_1)
FNDA:3,(anonymous_2)
FNDA:1,(anonymous_3)
FNDA:1,(anonymous_4)
FNDA:1,(anonymous_5)
DA:4,9
DA:6,9
DA:7,9
DA:8,9
DA:10,9
LF:5
LH:5
BRDA:3,0,0,3
BRF:1
BRH:1
end_of_record
TN:
SF:src\hooks\useCreateTask.ts
FN:12,useCreateTask
FN:20,(anonymous_1)
FN:28,(anonymous_2)
FN:35,(anonymous_3)
FN:40,(anonymous_4)
FN:44,(anonymous_5)
FN:49,(anonymous_6)
FN:52,(anonymous_7)
FN:55,(anonymous_8)
FN:68,(anonymous_9)
FN:76,(anonymous_10)
FN:77,(anonymous_11)
FN:77,(anonymous_12)
FN:80,(anonymous_13)
FN:81,(anonymous_14)
FN:82,(anonymous_15)
FNF:16
FNH:15
FNDA:44,useCreateTask
FNDA:12,(anonymous_1)
FNDA:11,(anonymous_2)
FNDA:1,(anonymous_3)
FNDA:12,(anonymous_4)
FNDA:12,(anonymous_5)
FNDA:34,(anonymous_6)
FNDA:0,(anonymous_7)
FNDA:6,(anonymous_8)
FNDA:5,(anonymous_9)
FNDA:2,(anonymous_10)
FNDA:2,(anonymous_11)
FNDA:3,(anonymous_12)
FNDA:4,(anonymous_13)
FNDA:4,(anonymous_14)
FNDA:5,(anonymous_15)
DA:6,2
DA:13,44
DA:16,44
DA:17,44
DA:18,44
DA:20,44
DA:21,12
DA:23,12
DA:27,12
DA:29,11
DA:31,11
DA:32,11
DA:33,11
DA:36,1
DA:37,1
DA:38,1
DA:41,12
DA:44,12
DA:45,12
DA:49,44
DA:51,34
DA:52,22
DA:55,44
DA:56,6
DA:57,6
DA:59,6
DA:60,6
DA:68,5
DA:69,5
DA:71,1
DA:72,1
DA:76,44
DA:77,3
DA:80,44
DA:81,4
DA:82,4
DA:83,5
DA:88,44
LF:38
LH:38
BRDA:12,0,0,22
BRDA:12,1,0,22
BRDA:14,2,0,22
BRDA:14,2,1,22
BRDA:23,3,0,5
BRDA:23,3,1,7
BRDA:29,4,0,0
BRDA:29,4,1,11
BRDA:31,5,0,3
BRDA:31,5,1,8
BRDA:32,6,0,4
BRDA:32,6,1,7
BRDA:32,7,0,4
BRDA:32,7,1,4
BRDA:32,8,0,7
BRDA:32,8,1,4
BRDA:36,9,0,0
BRDA:36,9,1,1
BRDA:51,10,0,12
BRDA:51,10,1,22
BRDA:60,11,0,2
BRDA:60,11,1,4
BRDA:83,12,0,4
BRDA:83,12,1,1
BRDA:83,13,0,1
BRDA:83,13,1,3
BRF:26
BRH:24
end_of_record
TN:
SF:src\hooks\useTaskList.ts
FN:4,useTaskList
FN:8,(anonymous_1)
FN:19,(anonymous_2)
FN:22,(anonymous_3)
FN:23,(anonymous_4)
FN:23,(anonymous_5)
FNF:6
FNH:6
FNDA:10,useTaskList
FNDA:4,(anonymous_1)
FNDA:2,(anonymous_2)
FNDA:1,(anonymous_3)
FNDA:1,(anonymous_4)
FNDA:2,(anonymous_5)
DA:5,10
DA:6,10
DA:8,10
DA:9,4
DA:10,2
DA:11,2
DA:13,2
DA:14,2
DA:19,2
DA:22,10
DA:23,2
DA:26,10
DA:28,10
LF:13
LH:13
BRDA:4,0,0,8
BRDA:9,1,0,2
BRDA:9,1,1,2
BRF:3
BRH:3
end_of_record
TN:
SF:src\schemas\checkoutSchema.ts
FN:20,validateCheckout
FN:24,(anonymous_1)
FNF:2
FNH:2
FNDA:33,validateCheckout
FNDA:36,(anonymous_1)
DA:4,2
DA:5,2
DA:6,2
DA:8,2
DA:21,33
DA:22,33
DA:23,26
DA:24,36
LF:8
LH:8
BRDA:22,0,0,7
BRDA:22,0,1,26
BRF:2
BRH:2
end_of_record
TN:
SF:src\schemas\taskSchema.ts
FNF:0
FNH:0
DA:3,1
DA:10,1
LF:2
LH:2
BRF:0
BRH:0
end_of_record
TN:
SF:src\screens\CheckoutScreen.tsx
FN:14,(anonymous_0)
FN:15,(anonymous_1)
FN:15,(anonymous_2)
FN:17,CheckoutScreen
FN:25,(anonymous_4)
FN:49,(anonymous_5)
FN:49,(anonymous_6)
FN:54,(anonymous_7)
FN:54,(anonymous_8)
FN:59,(anonymous_9)
FN:59,(anonymous_10)
FN:86,(anonymous_11)
FNF:12
FNH:11
FNDA:5,(anonymous_0)
FNDA:13,(anonymous_1)
FNDA:41,(anonymous_2)
FNDA:40,CheckoutScreen
FNDA:5,(anonymous_4)
FNDA:10,(anonymous_5)
FNDA:10,(anonymous_6)
FNDA:9,(anonymous_7)
FNDA:9,(anonymous_8)
FNDA:12,(anonymous_9)
FNDA:12,(anonymous_10)
FNDA:0,(anonymous_11)
DA:10,1
DA:11,1
DA:12,1
DA:14,1
DA:15,41
DA:18,40
DA:19,40
DA:20,40
DA:21,40
DA:22,40
DA:23,40
DA:25,40
DA:26,5
DA:27,1
DA:28,1
DA:29,1
DA:32,4
DA:33,4
DA:34,4
DA:37,40
DA:49,10
DA:54,9
DA:59,12
DA:86,0
LF:24
LH:23
BRDA:26,0,0,1
BRDA:26,0,1,4
BRDA:34,1,0,2
BRDA:34,1,1,2
BRDA:62,2,0,40
BRDA:62,2,1,1
BRDA:67,3,0,40
BRDA:67,3,1,2
BRDA:83,4,0,40
BRDA:83,4,1,40
BRF:10
BRH:10
end_of_record
TN:
SF:src\screens\CreateTaskScreen.tsx
FN:20,CreateTaskScreen
FN:28,(anonymous_1)
FN:60,(anonymous_2)
FN:65,(anonymous_3)
FN:81,(anonymous_4)
FN:82,(anonymous_5)
FNF:6
FNH:6
FNDA:22,CreateTaskScreen
FNDA:16,(anonymous_1)
FNDA:66,(anonymous_2)
FNDA:3,(anonymous_3)
FNDA:1,(anonymous_4)
FNDA:1,(anonymous_5)
DA:10,1
DA:21,22
DA:24,22
DA:25,22
DA:26,22
DA:28,22
DA:29,22
DA:31,22
DA:61,66
DA:62,66
DA:65,3
DA:81,1
DA:83,1
DA:84,1
LF:14
LH:14
BRDA:20,0,0,0
BRDA:38,1,0,22
BRDA:38,1,1,7
BRDA:43,2,0,22
BRDA:43,2,1,1
BRDA:51,3,0,22
BRDA:51,3,1,2
BRDA:51,3,2,2
BRDA:68,4,0,22
BRDA:68,4,1,44
BRDA:70,5,0,22
BRDA:70,5,1,44
BRDA:83,6,0,1
BRDA:83,6,1,0
BRF:14
BRH:12
end_of_record
TN:
SF:src\screens\HomeScreen.tsx
FN:21,HomeScreen
FN:30,(anonymous_1)
FNF:2
FNH:2
FNDA:3,HomeScreen
FNDA:6,(anonymous_1)
DA:6,1
DA:22,3
DA:24,3
DA:31,6
LF:4
LH:4
BRF:0
BRH:0
end_of_record
TN:
SF:src\services\taskService.ts
FN:5,fetchTasks
FN:11,createTask
FNF:2
FNH:2
FNDA:7,fetchTasks
FNDA:5,createTask
DA:3,3
DA:6,7
DA:7,7
DA:8,5
DA:12,5
DA:17,5
DA:18,3
LF:7
LH:7
BRDA:7,0,0,2
BRDA:7,0,1,5
BRDA:17,1,0,2
BRDA:17,1,1,3
BRF:4
BRH:4
end_of_record
TN:
SF:src\utils\filterTasks.ts
FN:7,filterTasksByStatus
FN:12,(anonymous_1)
FNF:2
FNH:2
FNDA:29,filterTasksByStatus
FNDA:14,(anonymous_1)
DA:5,3
DA:8,29
DA:9,2
DA:11,27
DA:12,14
LF:5
LH:5
BRDA:8,0,0,2
BRDA:8,0,1,27
BRDA:11,1,0,21
BRDA:11,1,1,6
BRF:4
BRH:4
end_of_record
TN:
SF:src\utils\validateTask.ts
FN:1,validateTaskTitle
FNF:1
FNH:1
FNDA:10,validateTaskTitle
DA:2,10
DA:3,4
DA:5,6
DA:6,1
DA:8,5
DA:9,1
DA:11,4
LF:7
LH:7
BRDA:2,0,0,4
BRDA:2,0,1,6
BRDA:2,1,0,10
BRDA:2,1,1,8
BRDA:5,2,0,1
BRDA:5,2,1,5
BRDA:8,3,0,1
BRDA:8,3,1,4
BRF:8
BRH:8
end_of_record
